[2025-05-15 01:13:26]: Starting build for depot 3738521, content path is "/Users/nicolegiusti/Projects/ManicPixieDreamBand/Steamworks/sdk/tools/ContentBuilder/content/", build flags 0x0
[2025-05-15 01:13:26]: Building file listing for depot 3738521 ...
[2025-05-15 01:13:26]: Found 289 files for mapping: /Users/nicolegiusti/Projects/ManicPixieDreamBand/Steamworks/sdk/tools/ContentBuilder/content/PunkJuice_Demo_Mac * -> .
[2025-05-15 01:13:26]: Found 289 files (1937 MB) for depot 3738521
[2025-05-15 01:13:26]: Building depot 3738521, baseline manifest 6963374046873663790 (289 files)
[2025-05-15 01:13:29]: Found 2108 new chunks ( 2116 used previously ) for depot 3738521, took 0 minutes, 2 seconds
[2025-05-15 01:13:29]: Changes to baseline manifest 6963374046873663790 :
[2025-05-15 01:13:29]: Changed: ".DS_Store" 7 KB size, 7 KB changed 
[2025-05-15 01:13:29]: Changed: "PunkJuice_Mac.app\Contents\MacOS\PunkJuice" 113 KB size, 113 KB changed 
[2025-05-15 01:13:29]: Changed: "PunkJuice_Mac.app\Contents\PlugIns\lib_burst_generated.bundle" 622 KB size, 622 KB changed 
[2025-05-15 01:13:29]: Changed: "PunkJuice_Mac.app\Contents\Resources\Data\boot.config" 1 KB size, 1 KB changed 
[2025-05-15 01:13:29]: Changed: "PunkJuice_Mac.app\Contents\Resources\Data\globalgamemanagers" 280 KB size, 280 KB changed 
[2025-05-15 01:13:29]: Changed: "PunkJuice_Mac.app\Contents\Resources\Data\globalgamemanagers.assets" 1074 KB size, 1074 KB changed 
[2025-05-15 01:13:29]: Changed: "PunkJuice_Mac.app\Contents\Resources\Data\globalgamemanagers.assets.resS" 6593 KB size, 1026 KB changed 
[2025-05-15 01:13:29]: Changed: "PunkJuice_Mac.app\Contents\Resources\Data\level0" 214 KB size, 214 KB changed 
[2025-05-15 01:13:29]: Changed: "PunkJuice_Mac.app\Contents\Resources\Data\level1" 562 KB size, 562 KB changed 
[2025-05-15 01:13:29]: Changed: "PunkJuice_Mac.app\Contents\Resources\Data\level10" 308 KB size, 308 KB changed 
[2025-05-15 01:13:29]: Changed: "PunkJuice_Mac.app\Contents\Resources\Data\level11" 667 KB size, 667 KB changed 
[2025-05-15 01:13:29]: Changed: "PunkJuice_Mac.app\Contents\Resources\Data\level12" 164 KB size, 164 KB changed 
[2025-05-15 01:13:29]: Changed: "PunkJuice_Mac.app\Contents\Resources\Data\level13" 123 KB size, 123 KB changed 
[2025-05-15 01:13:29]: Changed: "PunkJuice_Mac.app\Contents\Resources\Data\level14" 153 KB size, 153 KB changed 
[2025-05-15 01:13:29]: Changed: "PunkJuice_Mac.app\Contents\Resources\Data\level15" 522 KB size, 522 KB changed 
[2025-05-15 01:13:29]: Changed: "PunkJuice_Mac.app\Contents\Resources\Data\level16" 667 KB size, 667 KB changed 
[2025-05-15 01:13:29]: Changed: "PunkJuice_Mac.app\Contents\Resources\Data\level17" 768 KB size, 768 KB changed 
[2025-05-15 01:13:29]: Changed: "PunkJuice_Mac.app\Contents\Resources\Data\level18" 190 KB size, 190 KB changed 
[2025-05-15 01:13:29]: Changed: "PunkJuice_Mac.app\Contents\Resources\Data\level19" 580 KB size, 580 KB changed 
[2025-05-15 01:13:29]: Changed: "PunkJuice_Mac.app\Contents\Resources\Data\level2" 621 KB size, 621 KB changed 
[2025-05-15 01:13:29]: Changed: "PunkJuice_Mac.app\Contents\Resources\Data\level20" 523 KB size, 523 KB changed 
[2025-05-15 01:13:29]: Changed: "PunkJuice_Mac.app\Contents\Resources\Data\level21" 16 KB size, 16 KB changed 
[2025-05-15 01:13:29]: Changed: "PunkJuice_Mac.app\Contents\Resources\Data\level22" 218 KB size, 218 KB changed 
[2025-05-15 01:13:29]: Changed: "PunkJuice_Mac.app\Contents\Resources\Data\level23" 37 KB size, 37 KB changed 
[2025-05-15 01:13:29]: Changed: "PunkJuice_Mac.app\Contents\Resources\Data\level24" 213 KB size, 213 KB changed 
[2025-05-15 01:13:29]: Changed: "PunkJuice_Mac.app\Contents\Resources\Data\level25" 217 KB size, 217 KB changed 
[2025-05-15 01:13:29]: Changed: "PunkJuice_Mac.app\Contents\Resources\Data\level3" 15 KB size, 15 KB changed 
[2025-05-15 01:13:29]: Changed: "PunkJuice_Mac.app\Contents\Resources\Data\level4" 790 KB size, 790 KB changed 
[2025-05-15 01:13:29]: Changed: "PunkJuice_Mac.app\Contents\Resources\Data\level5" 538 KB size, 538 KB changed 
[2025-05-15 01:13:29]: Changed: "PunkJuice_Mac.app\Contents\Resources\Data\level6" 247 KB size, 247 KB changed 
[2025-05-15 01:13:29]: Changed: "PunkJuice_Mac.app\Contents\Resources\Data\level7" 209 KB size, 209 KB changed 
[2025-05-15 01:13:29]: Changed: "PunkJuice_Mac.app\Contents\Resources\Data\level8" 560 KB size, 560 KB changed 
[2025-05-15 01:13:29]: Changed: "PunkJuice_Mac.app\Contents\Resources\Data\level9" 667 KB size, 667 KB changed 
[2025-05-15 01:13:29]: Changed: "PunkJuice_Mac.app\Contents\Resources\Data\Managed\Assembly-CSharp-firstpass.dll" 1608 KB size, 1608 KB changed 
[2025-05-15 01:13:29]: Changed: "PunkJuice_Mac.app\Contents\Resources\Data\Managed\Assembly-CSharp.dll" 763 KB size, 763 KB changed 
[2025-05-15 01:13:29]: Changed: "PunkJuice_Mac.app\Contents\Resources\Data\resources.assets" 484 KB size, 484 KB changed 
[2025-05-15 01:13:29]: Changed: "PunkJuice_Mac.app\Contents\Resources\Data\RuntimeInitializeOnLoads.json" 3 KB size, 3 KB changed 
[2025-05-15 01:13:29]: Changed: "PunkJuice_Mac.app\Contents\Resources\Data\sharedassets0.assets" 18662 KB size, 12518 KB changed 
[2025-05-15 01:13:29]: Changed: "PunkJuice_Mac.app\Contents\Resources\Data\sharedassets0.assets.resS" 490570 KB size, 176128 KB changed 
[2025-05-15 01:13:29]: Changed: "PunkJuice_Mac.app\Contents\Resources\Data\sharedassets0.resource" 97824 KB size, 5664 KB changed 
[2025-05-15 01:13:29]: Changed: "PunkJuice_Mac.app\Contents\Resources\Data\sharedassets1.assets" 8506 KB size, 4410 KB changed 
[2025-05-15 01:13:29]: Changed: "PunkJuice_Mac.app\Contents\Resources\Data\sharedassets1.resource" 26986 KB size, 2460 KB changed 
[2025-05-15 01:13:29]: Changed: "PunkJuice_Mac.app\Contents\Resources\Data\sharedassets10.assets" 684 KB size, 684 KB changed 
[2025-05-15 01:13:29]: Changed: "PunkJuice_Mac.app\Contents\Resources\Data\sharedassets11.assets" 52 KB size, 52 KB changed 
[2025-05-15 01:13:29]: Changed: "PunkJuice_Mac.app\Contents\Resources\Data\sharedassets12.assets" 91 KB size, 91 KB changed 
[2025-05-15 01:13:29]: Changed: "PunkJuice_Mac.app\Contents\Resources\Data\sharedassets13.assets" 10 KB size, 10 KB changed 
[2025-05-15 01:13:29]: Changed: "PunkJuice_Mac.app\Contents\Resources\Data\sharedassets14.assets" 89 KB size, 89 KB changed 
[2025-05-15 01:13:29]: Changed: "PunkJuice_Mac.app\Contents\Resources\Data\sharedassets15.assets" 287 KB size, 287 KB changed 
[2025-05-15 01:13:29]: Changed: "PunkJuice_Mac.app\Contents\Resources\Data\sharedassets16.assets" 827 KB size, 827 KB changed 
[2025-05-15 01:13:29]: Changed: "PunkJuice_Mac.app\Contents\Resources\Data\sharedassets16.assets.resS" 68879 KB size, 2585 KB changed 
[2025-05-15 01:13:29]: Changed: "PunkJuice_Mac.app\Contents\Resources\Data\sharedassets17.assets" 590 KB size, 590 KB changed 
[2025-05-15 01:13:29]: Changed: "PunkJuice_Mac.app\Contents\Resources\Data\sharedassets18.assets" 14 KB size, 14 KB changed 
[2025-05-15 01:13:29]: Changed: "PunkJuice_Mac.app\Contents\Resources\Data\sharedassets19.assets" 53 KB size, 53 KB changed 
[2025-05-15 01:13:29]: Changed: "PunkJuice_Mac.app\Contents\Resources\Data\sharedassets2.assets" 177 KB size, 177 KB changed 
[2025-05-15 01:13:29]: Changed: "PunkJuice_Mac.app\Contents\Resources\Data\sharedassets20.assets" 91 KB size, 91 KB changed 
[2025-05-15 01:13:29]: Changed: "PunkJuice_Mac.app\Contents\Resources\Data\sharedassets21.assets" 23 KB size, 23 KB changed 
[2025-05-15 01:13:29]: Changed: "PunkJuice_Mac.app\Contents\Resources\Data\sharedassets22.assets" 29 KB size, 29 KB changed 
[2025-05-15 01:13:29]: Changed: "PunkJuice_Mac.app\Contents\Resources\Data\sharedassets23.assets" 1 KB size, 1 KB changed 
[2025-05-15 01:13:29]: Changed: "PunkJuice_Mac.app\Contents\Resources\Data\sharedassets24.assets" 70 KB size, 70 KB changed 
[2025-05-15 01:13:29]: Changed: "PunkJuice_Mac.app\Contents\Resources\Data\sharedassets25.assets" 33 KB size, 33 KB changed 
[2025-05-15 01:13:29]: Changed: "PunkJuice_Mac.app\Contents\Resources\Data\sharedassets3.assets" 9 KB size, 9 KB changed 
[2025-05-15 01:13:29]: Changed: "PunkJuice_Mac.app\Contents\Resources\Data\sharedassets4.assets" 358 KB size, 358 KB changed 
[2025-05-15 01:13:29]: Changed: "PunkJuice_Mac.app\Contents\Resources\Data\sharedassets5.assets" 113 KB size, 113 KB changed 
[2025-05-15 01:13:29]: Changed: "PunkJuice_Mac.app\Contents\Resources\Data\sharedassets6.assets" 45 KB size, 45 KB changed 
[2025-05-15 01:13:29]: Changed: "PunkJuice_Mac.app\Contents\Resources\Data\sharedassets6.assets.resS" 8411 KB size, 2267 KB changed 
[2025-05-15 01:13:29]: Changed: "PunkJuice_Mac.app\Contents\Resources\Data\sharedassets7.assets" 29 KB size, 29 KB changed 
[2025-05-15 01:13:29]: Changed: "PunkJuice_Mac.app\Contents\Resources\Data\sharedassets8.assets" 88 KB size, 88 KB changed 
[2025-05-15 01:13:29]: Changed: "PunkJuice_Mac.app\Contents\Resources\Data\sharedassets9.assets" 117 KB size, 117 KB changed 
[2025-05-15 01:13:29]: Changed: "PunkJuice_Mac.app\Contents\Resources\Data\StreamingAssets\aa\catalog.json" 33 KB size, 33 KB changed 
[2025-05-15 01:13:29]: Added  : "PunkJuice_Mac.app\Contents\Resources\Data\StreamingAssets\aa\StandaloneOSX\b8665137174255b8233c38b4cb274954_unitybuiltinshaders_06407ac7b021cccd62b612b76c609d72.bundle" 19 KB 
[2025-05-15 01:13:29]: Added  : "PunkJuice_Mac.app\Contents\Resources\Data\StreamingAssets\aa\StandaloneOSX\defaultlocalgroup_assets_all_cd1e9e89687f27e4b8f041a0071c29fe.bundle" 25003 KB 
[2025-05-15 01:13:29]: Changed: "PunkJuice_Mac.app\Contents\_CodeSignature\CodeResources" 71 KB size, 71 KB changed 
[2025-05-15 01:13:29]: Removed: PunkJuice_Mac.app\Contents\Resources\Data\StreamingAssets\aa\StandaloneOSX\b8665137174255b8233c38b4cb274954_unitybuiltinshaders_6dc9ceeb710cf2d5f9185635834188a9.bundle (19 KB)
[2025-05-15 01:13:29]: Removed: PunkJuice_Mac.app\Contents\Resources\Data\StreamingAssets\aa\StandaloneOSX\defaultlocalgroup_assets_all_6ba9a508d7a1d5e67ecd937464367cb9.bundle (24445 KB)
[2025-05-15 01:13:29]: Summary: 2 files added (24.43 MB), 70 files changed (220.46 MB), 2 files removed (23.89 MB)
[2025-05-15 01:13:29]: Uploading new manifest to 192.69.99.15:80 (handle 3779743950107475135, 109082 bytes).
[2025-05-15 01:13:29]: Uploading 302 out of 302 missing chunks.
[2025-05-15 01:13:40]: Success! New manifestID 5003003551457427003 created and 302 new chunks uploaded.
