[2024-08-26 17:04:31]: Starting build for depot 2772092, content path is "/Users/nicolegiusti/Projects/ManicPixieDreamBand/Steamworks/sdk/tools/ContentBuilder/content/", build flags 0x0
[2024-08-26 17:04:31]: Building file listing for depot 2772092 ...
[2024-08-26 17:04:31]: Found 242 files for mapping: /Users/nicolegiusti/Projects/ManicPixieDreamBand/Steamworks/sdk/tools/ContentBuilder/content/PunkJuice_Windows * -> .
[2024-08-26 17:04:31]: Found 242 files (1652 MB) for depot 2772092
[2024-08-26 17:04:31]: Building depot 2772092, baseline manifest 4842448739613136274 (243 files)
[2024-08-26 17:04:42]: Found 1794 chunks ( 1688 used previously ) for depot 2772092, took 0 minutes, 10 seconds
[2024-08-26 17:04:42]: Changes to baseline manifest 4842448739613136274 :
[2024-08-26 17:04:42]: Changed: ".DS_Store" 7 kB size, 7 kB changed 
[2024-08-26 17:04:42]: Changed: "PunkJuice_Data\boot.config" 1 kB size, 1 kB changed 
[2024-08-26 17:04:42]: Changed: "PunkJuice_Data\globalgamemanagers" 227 kB size, 227 kB changed 
[2024-08-26 17:04:42]: Changed: "PunkJuice_Data\globalgamemanagers.assets" 901 kB size, 901 kB changed 
[2024-08-26 17:04:42]: Changed: "PunkJuice_Data\level0" 122 kB size, 122 kB changed 
[2024-08-26 17:04:42]: Changed: "PunkJuice_Data\level1" 410 kB size, 410 kB changed 
[2024-08-26 17:04:42]: Changed: "PunkJuice_Data\level10" 139 kB size, 139 kB changed 
[2024-08-26 17:04:42]: Changed: "PunkJuice_Data\level11" 518 kB size, 518 kB changed 
[2024-08-26 17:04:42]: Changed: "PunkJuice_Data\level12" 152 kB size, 152 kB changed 
[2024-08-26 17:04:42]: Changed: "PunkJuice_Data\level13" 123 kB size, 123 kB changed 
[2024-08-26 17:04:42]: Changed: "PunkJuice_Data\level14" 140 kB size, 140 kB changed 
[2024-08-26 17:04:42]: Changed: "PunkJuice_Data\level15" 375 kB size, 375 kB changed 
[2024-08-26 17:04:42]: Changed: "PunkJuice_Data\level16" 477 kB size, 477 kB changed 
[2024-08-26 17:04:42]: Changed: "PunkJuice_Data\level2" 461 kB size, 461 kB changed 
[2024-08-26 17:04:42]: Changed: "PunkJuice_Data\level3" 15 kB size, 15 kB changed 
[2024-08-26 17:04:42]: Changed: "PunkJuice_Data\level4" 479 kB size, 479 kB changed 
[2024-08-26 17:04:42]: Changed: "PunkJuice_Data\level5" 390 kB size, 390 kB changed 
[2024-08-26 17:04:42]: Changed: "PunkJuice_Data\level6" 202 kB size, 202 kB changed 
[2024-08-26 17:04:42]: Changed: "PunkJuice_Data\level7" 114 kB size, 114 kB changed 
[2024-08-26 17:04:42]: Changed: "PunkJuice_Data\level8" 410 kB size, 410 kB changed 
[2024-08-26 17:04:42]: Changed: "PunkJuice_Data\level9" 497 kB size, 497 kB changed 
[2024-08-26 17:04:42]: Changed: "PunkJuice_Data\Managed\Assembly-CSharp.dll" 235 kB size, 235 kB changed 
[2024-08-26 17:04:42]: Changed: "PunkJuice_Data\resources.assets" 861 kB size, 861 kB changed 
[2024-08-26 17:04:42]: Changed: "PunkJuice_Data\sharedassets0.assets" 7564 kB size, 3468 kB changed 
[2024-08-26 17:04:42]: Changed: "PunkJuice_Data\sharedassets0.assets.resS" 420597 kB size, 1078 kB changed 
[2024-08-26 17:04:42]: Changed: "PunkJuice_Data\sharedassets0.resource" 95656 kB size, 95656 kB changed 
[2024-08-26 17:04:42]: Changed: "PunkJuice_Data\sharedassets1.assets" 8587 kB size, 5515 kB changed 
[2024-08-26 17:04:42]: Changed: "PunkJuice_Data\sharedassets1.assets.resS" 139456 kB size, 7007 kB changed 
[2024-08-26 17:04:42]: Changed: "PunkJuice_Data\sharedassets10.assets" 1258 kB size, 1258 kB changed 
[2024-08-26 17:04:42]: Changed: "PunkJuice_Data\sharedassets11.assets" 152 kB size, 152 kB changed 
[2024-08-26 17:04:42]: Changed: "PunkJuice_Data\sharedassets12.assets" 170 kB size, 170 kB changed 
[2024-08-26 17:04:42]: Changed: "PunkJuice_Data\sharedassets13.assets" 7 kB size, 7 kB changed 
[2024-08-26 17:04:42]: Changed: "PunkJuice_Data\sharedassets14.assets" 160 kB size, 160 kB changed 
[2024-08-26 17:04:42]: Changed: "PunkJuice_Data\sharedassets15.assets" 345 kB size, 345 kB changed 
[2024-08-26 17:04:42]: Changed: "PunkJuice_Data\sharedassets15.assets.resS" 80576 kB size, 14387 kB changed 
[2024-08-26 17:04:42]: Changed: "PunkJuice_Data\sharedassets16.assets" 260 kB size, 260 kB changed 
[2024-08-26 17:04:42]: Changed: "PunkJuice_Data\sharedassets2.assets" 224 kB size, 224 kB changed 
[2024-08-26 17:04:42]: Changed: "PunkJuice_Data\sharedassets3.assets" 12 kB size, 12 kB changed 
[2024-08-26 17:04:42]: Changed: "PunkJuice_Data\sharedassets4.assets" 5826 kB size, 2754 kB changed 
[2024-08-26 17:04:42]: Changed: "PunkJuice_Data\sharedassets4.assets.resS" 89238 kB size, 2348 kB changed 
[2024-08-26 17:04:42]: Changed: "PunkJuice_Data\sharedassets5.assets" 134 kB size, 134 kB changed 
[2024-08-26 17:04:42]: Changed: "PunkJuice_Data\sharedassets6.assets" 138 kB size, 138 kB changed 
[2024-08-26 17:04:42]: Changed: "PunkJuice_Data\sharedassets7.assets" 8 kB size, 8 kB changed 
[2024-08-26 17:04:42]: Changed: "PunkJuice_Data\sharedassets8.assets" 94 kB size, 94 kB changed 
[2024-08-26 17:04:42]: Changed: "PunkJuice_Data\sharedassets9.assets" 142 kB size, 142 kB changed 
[2024-08-26 17:04:42]: Added  : "PunkJuice_Data\sharedassets9.resource" 3799 kB 
[2024-08-26 17:04:42]: Changed: "PunkJuice_Data\StreamingAssets\aa\AddressablesLink\link.xml" 11 kB size, 11 kB changed 
[2024-08-26 17:04:42]: Changed: "PunkJuice_Data\StreamingAssets\aa\catalog.json" 24 kB size, 24 kB changed 
[2024-08-26 17:04:42]: Added  : "PunkJuice_Data\StreamingAssets\aa\StandaloneWindows64\defaultlocalgroup_assets_all_da5443f1358fe0778f8f6e128b0fc453.bundle" 13739 kB 
[2024-08-26 17:04:42]: Removed: MonoBleedingEdge\.DS_Store (7 kB)
[2024-08-26 17:04:42]: Removed: PunkJuice_Data\.DS_Store (7 kB)
[2024-08-26 17:04:42]: Removed: PunkJuice_Data\StreamingAssets\aa\StandaloneWindows64\defaultlocalgroup_assets_all_ce681f7eea852d69e3a20b65be03b33e.bundle (13729 kB)
[2024-08-26 17:04:42]: Summary: 2 files added, 47 files changed, 3 files removed
[2024-08-26 17:04:42]: Uploading new manifest to 192.69.99.15:80 (handle 15969480741483155164, 84766 bytes).
[2024-08-26 17:04:43]: Uploading 196 out of 196 missing chunks.
[2024-08-26 17:05:14]: Success! New manifestID 5470766998925531976 created and 196 new chunks uploaded.
