[2024-08-13 12:47:26]: Starting build for depot 2772091, content path is "/Users/nicolegiusti/Projects/ManicPixieDreamBand/Steamworks/sdk/tools/ContentBuilder/content/", build flags 0x0
[2024-08-13 12:47:26]: Building file listing for depot 2772091 ...
[2024-08-13 12:47:26]: Found 250 files for mapping: /Users/nicolegiusti/Projects/ManicPixieDreamBand/Steamworks/sdk/tools/ContentBuilder/content/PunkJuice_Mac * -> .
[2024-08-13 12:47:26]: Found 250 files (1575 MB) for depot 2772091
[2024-08-13 12:47:26]: Building depot 2772091, baseline manifest 4277260351323559544 (250 files)
[2024-08-13 12:47:33]: Found 1714 chunks ( 1713 used previously ) for depot 2772091, took 0 minutes, 7 seconds
[2024-08-13 12:47:33]: Changes to baseline manifest 4277260351323559544 :
[2024-08-13 12:47:33]: Changed: ".DS_Store" 7 kB size, 7 kB changed 
[2024-08-13 12:47:33]: Changed: "PunkJuice_Mac.app\Contents\MacOS\PunkJuice" 113 kB size, 113 kB changed 
[2024-08-13 12:47:33]: Changed: "PunkJuice_Mac.app\Contents\Resources\Data\boot.config" 1 kB size, 1 kB changed 
[2024-08-13 12:47:33]: Changed: "PunkJuice_Mac.app\Contents\Resources\Data\globalgamemanagers" 226 kB size, 226 kB changed 
[2024-08-13 12:47:33]: Changed: "PunkJuice_Mac.app\Contents\Resources\Data\globalgamemanagers.assets" 1179 kB size, 1024 kB changed 
[2024-08-13 12:47:33]: Changed: "PunkJuice_Mac.app\Contents\Resources\Data\level0" 121 kB size, 121 kB changed 
[2024-08-13 12:47:33]: Changed: "PunkJuice_Mac.app\Contents\Resources\Data\level1" 405 kB size, 405 kB changed 
[2024-08-13 12:47:33]: Changed: "PunkJuice_Mac.app\Contents\Resources\Data\level10" 138 kB size, 138 kB changed 
[2024-08-13 12:47:33]: Changed: "PunkJuice_Mac.app\Contents\Resources\Data\level11" 512 kB size, 512 kB changed 
[2024-08-13 12:47:33]: Changed: "PunkJuice_Mac.app\Contents\Resources\Data\level12" 152 kB size, 152 kB changed 
[2024-08-13 12:47:33]: Changed: "PunkJuice_Mac.app\Contents\Resources\Data\level13" 123 kB size, 123 kB changed 
[2024-08-13 12:47:33]: Changed: "PunkJuice_Mac.app\Contents\Resources\Data\level14" 139 kB size, 139 kB changed 
[2024-08-13 12:47:33]: Changed: "PunkJuice_Mac.app\Contents\Resources\Data\level15" 369 kB size, 369 kB changed 
[2024-08-13 12:47:33]: Changed: "PunkJuice_Mac.app\Contents\Resources\Data\level16" 471 kB size, 471 kB changed 
[2024-08-13 12:47:33]: Changed: "PunkJuice_Mac.app\Contents\Resources\Data\level2" 459 kB size, 459 kB changed 
[2024-08-13 12:47:33]: Changed: "PunkJuice_Mac.app\Contents\Resources\Data\level3" 15 kB size, 15 kB changed 
[2024-08-13 12:47:33]: Changed: "PunkJuice_Mac.app\Contents\Resources\Data\level4" 473 kB size, 473 kB changed 
[2024-08-13 12:47:33]: Changed: "PunkJuice_Mac.app\Contents\Resources\Data\level5" 385 kB size, 385 kB changed 
[2024-08-13 12:47:33]: Changed: "PunkJuice_Mac.app\Contents\Resources\Data\level6" 200 kB size, 200 kB changed 
[2024-08-13 12:47:33]: Changed: "PunkJuice_Mac.app\Contents\Resources\Data\level7" 112 kB size, 112 kB changed 
[2024-08-13 12:47:33]: Changed: "PunkJuice_Mac.app\Contents\Resources\Data\level8" 401 kB size, 401 kB changed 
[2024-08-13 12:47:33]: Changed: "PunkJuice_Mac.app\Contents\Resources\Data\level9" 491 kB size, 491 kB changed 
[2024-08-13 12:47:33]: Changed: "PunkJuice_Mac.app\Contents\Resources\Data\Managed\Assembly-CSharp.dll" 229 kB size, 229 kB changed 
[2024-08-13 12:47:33]: Changed: "PunkJuice_Mac.app\Contents\Resources\Data\resources.assets" 861 kB size, 861 kB changed 
[2024-08-13 12:47:33]: Changed: "PunkJuice_Mac.app\Contents\Resources\Data\sharedassets0.assets" 7562 kB size, 3466 kB changed 
[2024-08-13 12:47:33]: Changed: "PunkJuice_Mac.app\Contents\Resources\Data\sharedassets0.assets.resS" 419551 kB size, 1055 kB changed 
[2024-08-13 12:47:33]: Changed: "PunkJuice_Mac.app\Contents\Resources\Data\sharedassets1.assets" 8572 kB size, 4476 kB changed 
[2024-08-13 12:47:33]: Changed: "PunkJuice_Mac.app\Contents\Resources\Data\sharedassets1.assets.resS" 140642 kB size, 994 kB changed 
[2024-08-13 12:47:33]: Changed: "PunkJuice_Mac.app\Contents\Resources\Data\sharedassets10.assets" 1258 kB size, 1024 kB changed 
[2024-08-13 12:47:33]: Changed: "PunkJuice_Mac.app\Contents\Resources\Data\sharedassets11.assets" 152 kB size, 152 kB changed 
[2024-08-13 12:47:33]: Changed: "PunkJuice_Mac.app\Contents\Resources\Data\sharedassets12.assets" 170 kB size, 170 kB changed 
[2024-08-13 12:47:33]: Changed: "PunkJuice_Mac.app\Contents\Resources\Data\sharedassets13.assets" 7 kB size, 7 kB changed 
[2024-08-13 12:47:33]: Changed: "PunkJuice_Mac.app\Contents\Resources\Data\sharedassets14.assets" 159 kB size, 159 kB changed 
[2024-08-13 12:47:33]: Changed: "PunkJuice_Mac.app\Contents\Resources\Data\sharedassets15.assets" 306 kB size, 306 kB changed 
[2024-08-13 12:47:33]: Changed: "PunkJuice_Mac.app\Contents\Resources\Data\sharedassets16.assets" 260 kB size, 260 kB changed 
[2024-08-13 12:47:33]: Changed: "PunkJuice_Mac.app\Contents\Resources\Data\sharedassets2.assets" 223 kB size, 223 kB changed 
[2024-08-13 12:47:33]: Changed: "PunkJuice_Mac.app\Contents\Resources\Data\sharedassets3.assets" 12 kB size, 12 kB changed 
[2024-08-13 12:47:33]: Changed: "PunkJuice_Mac.app\Contents\Resources\Data\sharedassets4.assets" 5819 kB size, 1723 kB changed 
[2024-08-13 12:47:33]: Changed: "PunkJuice_Mac.app\Contents\Resources\Data\sharedassets5.assets" 134 kB size, 134 kB changed 
[2024-08-13 12:47:33]: Changed: "PunkJuice_Mac.app\Contents\Resources\Data\sharedassets6.assets" 138 kB size, 138 kB changed 
[2024-08-13 12:47:33]: Changed: "PunkJuice_Mac.app\Contents\Resources\Data\sharedassets7.assets" 8 kB size, 8 kB changed 
[2024-08-13 12:47:33]: Changed: "PunkJuice_Mac.app\Contents\Resources\Data\sharedassets8.assets" 93 kB size, 93 kB changed 
[2024-08-13 12:47:33]: Changed: "PunkJuice_Mac.app\Contents\Resources\Data\sharedassets9.assets" 142 kB size, 142 kB changed 
[2024-08-13 12:47:33]: Changed: "PunkJuice_Mac.app\Contents\_CodeSignature\CodeResources" 61 kB size, 61 kB changed 
[2024-08-13 12:47:33]: Summary: 0 files added, 44 files changed, 0 files removed
[2024-08-13 12:47:34]: Uploading new manifest to 192.69.99.15:80 (handle 16000288681807502223, 90985 bytes).
[2024-08-13 12:47:34]: Uploading 54 out of 54 missing chunks.
[2024-08-13 12:47:40]: Success! New manifestID 3026850441466742701 created and 54 new chunks uploaded.
