[2025-05-11 16:54:03]: Starting build for depot 3738522, content path is "/Users/nicolegiusti/Projects/ManicPixieDreamBand/Steamworks/sdk/tools/ContentBuilder/content/", build flags 0x0
[2025-05-11 16:54:03]: Building file listing for depot 3738522 ...
[2025-05-11 16:54:03]: Found 284 files for mapping: /Users/nicolegiusti/Projects/ManicPixieDreamBand/Steamworks/sdk/tools/ContentBuilder/content/PunkJuice_Demo_Windows * -> .
[2025-05-11 16:54:03]: Found 284 files (1930 MB) for depot 3738522
[2025-05-11 16:54:03]: Building depot 3738522, no baseline manifest
[2025-05-11 16:54:08]: Found 2089 new chunks ( 0 used previously ) for depot 3738522, took 0 minutes, 5 seconds
[2025-05-11 16:54:08]: Changes to baseline manifest 0 :
[2025-05-11 16:54:08]: Added  : "MonoBleedingEdge" 0 KB ,Flags: 64
[2025-05-11 16:54:08]: Added  : "MonoBleedingEdge\EmbedRuntime" 0 KB ,Flags: 64
[2025-05-11 16:54:08]: Added  : "MonoBleedingEdge\EmbedRuntime\mono-2.0-bdwgc.dll" 7711 KB 
[2025-05-11 16:54:08]: Added  : "MonoBleedingEdge\EmbedRuntime\MonoPosixHelper.dll" 596 KB 
[2025-05-11 16:54:08]: Added  : "MonoBleedingEdge\etc" 0 KB ,Flags: 64
[2025-05-11 16:54:08]: Added  : "MonoBleedingEdge\etc\mono" 0 KB ,Flags: 64
[2025-05-11 16:54:08]: Added  : "MonoBleedingEdge\etc\mono\2.0" 0 KB ,Flags: 64
[2025-05-11 16:54:08]: Added  : "MonoBleedingEdge\etc\mono\2.0\Browsers" 0 KB ,Flags: 64
[2025-05-11 16:54:08]: Added  : "MonoBleedingEdge\etc\mono\2.0\Browsers\Compat.browser" 2 KB 
[2025-05-11 16:54:08]: Added  : "MonoBleedingEdge\etc\mono\2.0\DefaultWsdlHelpGenerator.aspx" 60 KB 
[2025-05-11 16:54:08]: Added  : "MonoBleedingEdge\etc\mono\2.0\machine.config" 29 KB 
[2025-05-11 16:54:08]: Added  : "MonoBleedingEdge\etc\mono\2.0\settings.map" 3 KB 
[2025-05-11 16:54:08]: Added  : "MonoBleedingEdge\etc\mono\2.0\web.config" 12 KB 
[2025-05-11 16:54:08]: Added  : "MonoBleedingEdge\etc\mono\4.0" 0 KB ,Flags: 64
[2025-05-11 16:54:08]: Added  : "MonoBleedingEdge\etc\mono\4.0\Browsers" 0 KB ,Flags: 64
[2025-05-11 16:54:08]: Added  : "MonoBleedingEdge\etc\mono\4.0\Browsers\Compat.browser" 2 KB 
[2025-05-11 16:54:08]: Added  : "MonoBleedingEdge\etc\mono\4.0\DefaultWsdlHelpGenerator.aspx" 60 KB 
[2025-05-11 16:54:08]: Added  : "MonoBleedingEdge\etc\mono\4.0\machine.config" 33 KB 
[2025-05-11 16:54:08]: Added  : "MonoBleedingEdge\etc\mono\4.0\settings.map" 3 KB 
[2025-05-11 16:54:08]: Added  : "MonoBleedingEdge\etc\mono\4.0\web.config" 19 KB 
[2025-05-11 16:54:08]: Added  : "MonoBleedingEdge\etc\mono\4.5" 0 KB ,Flags: 64
[2025-05-11 16:54:08]: Added  : "MonoBleedingEdge\etc\mono\4.5\Browsers" 0 KB ,Flags: 64
[2025-05-11 16:54:08]: Added  : "MonoBleedingEdge\etc\mono\4.5\Browsers\Compat.browser" 2 KB 
[2025-05-11 16:54:08]: Added  : "MonoBleedingEdge\etc\mono\4.5\DefaultWsdlHelpGenerator.aspx" 60 KB 
[2025-05-11 16:54:08]: Added  : "MonoBleedingEdge\etc\mono\4.5\machine.config" 34 KB 
[2025-05-11 16:54:08]: Added  : "MonoBleedingEdge\etc\mono\4.5\settings.map" 3 KB 
[2025-05-11 16:54:08]: Added  : "MonoBleedingEdge\etc\mono\4.5\web.config" 19 KB 
[2025-05-11 16:54:08]: Added  : "MonoBleedingEdge\etc\mono\browscap.ini" 305 KB 
[2025-05-11 16:54:08]: Added  : "MonoBleedingEdge\etc\mono\config" 4 KB 
[2025-05-11 16:54:08]: Added  : "MonoBleedingEdge\etc\mono\mconfig" 0 KB ,Flags: 64
[2025-05-11 16:54:08]: Added  : "MonoBleedingEdge\etc\mono\mconfig\config.xml" 26 KB 
[2025-05-11 16:54:08]: Added  : "PunkJuice.exe" 651 KB 
[2025-05-11 16:54:08]: Added  : "PunkJuice_BurstDebugInformation_DoNotShip" 0 KB ,Flags: 64
[2025-05-11 16:54:08]: Added  : "PunkJuice_BurstDebugInformation_DoNotShip\Data" 0 KB ,Flags: 64
[2025-05-11 16:54:08]: Added  : "PunkJuice_BurstDebugInformation_DoNotShip\Data\Plugins" 0 KB ,Flags: 64
[2025-05-11 16:54:08]: Added  : "PunkJuice_BurstDebugInformation_DoNotShip\Data\Plugins\x86_64" 0 KB ,Flags: 64
[2025-05-11 16:54:08]: Added  : "PunkJuice_BurstDebugInformation_DoNotShip\Data\Plugins\x86_64\lib_burst_generated.txt" 58 KB 
[2025-05-11 16:54:08]: Added  : "PunkJuice_Data" 0 KB ,Flags: 64
[2025-05-11 16:54:08]: Added  : "PunkJuice_Data\app.info" 1 KB 
[2025-05-11 16:54:08]: Added  : "PunkJuice_Data\boot.config" 1 KB 
[2025-05-11 16:54:08]: Added  : "PunkJuice_Data\globalgamemanagers" 280 KB 
[2025-05-11 16:54:08]: Added  : "PunkJuice_Data\globalgamemanagers.assets" 966 KB 
[2025-05-11 16:54:08]: Added  : "PunkJuice_Data\globalgamemanagers.assets.resS" 6591 KB 
[2025-05-11 16:54:08]: Added  : "PunkJuice_Data\level0" 214 KB 
[2025-05-11 16:54:08]: Added  : "PunkJuice_Data\level1" 563 KB 
[2025-05-11 16:54:08]: Added  : "PunkJuice_Data\level10" 309 KB 
[2025-05-11 16:54:08]: Added  : "PunkJuice_Data\level11" 666 KB 
[2025-05-11 16:54:08]: Added  : "PunkJuice_Data\level12" 166 KB 
[2025-05-11 16:54:08]: Added  : "PunkJuice_Data\level13" 123 KB 
[2025-05-11 16:54:08]: Added  : "PunkJuice_Data\level14" 155 KB 
[2025-05-11 16:54:08]: Added  : "PunkJuice_Data\level15" 522 KB 
[2025-05-11 16:54:08]: Added  : "PunkJuice_Data\level16" 665 KB 
[2025-05-11 16:54:08]: Added  : "PunkJuice_Data\level17" 768 KB 
[2025-05-11 16:54:08]: Added  : "PunkJuice_Data\level18" 190 KB 
[2025-05-11 16:54:08]: Added  : "PunkJuice_Data\level19" 579 KB 
[2025-05-11 16:54:08]: Added  : "PunkJuice_Data\level2" 621 KB 
[2025-05-11 16:54:08]: Added  : "PunkJuice_Data\level20" 523 KB 
[2025-05-11 16:54:08]: Added  : "PunkJuice_Data\level21" 16 KB 
[2025-05-11 16:54:08]: Added  : "PunkJuice_Data\level22" 218 KB 
[2025-05-11 16:54:08]: Added  : "PunkJuice_Data\level23" 37 KB 
[2025-05-11 16:54:08]: Added  : "PunkJuice_Data\level24" 213 KB 
[2025-05-11 16:54:08]: Added  : "PunkJuice_Data\level25" 217 KB 
[2025-05-11 16:54:08]: Added  : "PunkJuice_Data\level3" 15 KB 
[2025-05-11 16:54:08]: Added  : "PunkJuice_Data\level4" 790 KB 
[2025-05-11 16:54:08]: Added  : "PunkJuice_Data\level5" 539 KB 
[2025-05-11 16:54:08]: Added  : "PunkJuice_Data\level6" 88 KB 
[2025-05-11 16:54:08]: Added  : "PunkJuice_Data\level7" 209 KB 
[2025-05-11 16:54:08]: Added  : "PunkJuice_Data\level8" 560 KB 
[2025-05-11 16:54:08]: Added  : "PunkJuice_Data\level9" 667 KB 
[2025-05-11 16:54:08]: Added  : "PunkJuice_Data\Managed" 0 KB ,Flags: 64
[2025-05-11 16:54:08]: Added  : "PunkJuice_Data\Managed\AllIn1SpriteShaderAssembly.dll" 29 KB 
[2025-05-11 16:54:08]: Added  : "PunkJuice_Data\Managed\Assembly-CSharp-firstpass.dll" 1608 KB 
[2025-05-11 16:54:08]: Added  : "PunkJuice_Data\Managed\Assembly-CSharp.dll" 761 KB 
[2025-05-11 16:54:08]: Added  : "PunkJuice_Data\Managed\Facepunch.Steamworks.Win64.dll" 534 KB 
[2025-05-11 16:54:08]: Added  : "PunkJuice_Data\Managed\Febucci.Attributes.Runtime.dll" 5 KB 
[2025-05-11 16:54:08]: Added  : "PunkJuice_Data\Managed\Febucci.TextAnimator.Demo.Runtime.dll" 12 KB 
[2025-05-11 16:54:08]: Added  : "PunkJuice_Data\Managed\Febucci.TextAnimator.Runtime.dll" 90 KB 
[2025-05-11 16:54:08]: Added  : "PunkJuice_Data\Managed\Febucci.TextAnimator.TMP.Runtime.dll" 13 KB 
[2025-05-11 16:54:08]: Added  : "PunkJuice_Data\Managed\Mono.Security.dll" 236 KB 
[2025-05-11 16:54:08]: Added  : "PunkJuice_Data\Managed\mscorlib.dll" 4523 KB 
[2025-05-11 16:54:08]: Added  : "PunkJuice_Data\Managed\netstandard.dll" 88 KB 
[2025-05-11 16:54:08]: Added  : "PunkJuice_Data\Managed\Rewired_Core.dll" 1983 KB 
[2025-05-11 16:54:08]: Added  : "PunkJuice_Data\Managed\Rewired_Windows.dll" 1292 KB 
[2025-05-11 16:54:08]: Added  : "PunkJuice_Data\Managed\System.ComponentModel.Composition.dll" 251 KB 
[2025-05-11 16:54:08]: Added  : "PunkJuice_Data\Managed\System.Configuration.dll" 122 KB 
[2025-05-11 16:54:08]: Added  : "PunkJuice_Data\Managed\System.Core.dll" 1087 KB 
[2025-05-11 16:54:08]: Added  : "PunkJuice_Data\Managed\System.Data.DataSetExtensions.dll" 29 KB 
[2025-05-11 16:54:08]: Added  : "PunkJuice_Data\Managed\System.Data.dll" 2076 KB 
[2025-05-11 16:54:08]: Added  : "PunkJuice_Data\Managed\System.dll" 2578 KB 
[2025-05-11 16:54:08]: Added  : "PunkJuice_Data\Managed\System.Drawing.dll" 479 KB 
[2025-05-11 16:54:08]: Added  : "PunkJuice_Data\Managed\System.EnterpriseServices.dll" 44 KB 
[2025-05-11 16:54:08]: Added  : "PunkJuice_Data\Managed\System.IO.Compression.dll" 112 KB 
[2025-05-11 16:54:08]: Added  : "PunkJuice_Data\Managed\System.IO.Compression.FileSystem.dll" 18 KB 
[2025-05-11 16:54:08]: Added  : "PunkJuice_Data\Managed\System.Net.Http.dll" 120 KB 
[2025-05-11 16:54:08]: Added  : "PunkJuice_Data\Managed\System.Numerics.dll" 117 KB 
[2025-05-11 16:54:08]: Added  : "PunkJuice_Data\Managed\System.Runtime.dll" 12 KB 
[2025-05-11 16:54:08]: Added  : "PunkJuice_Data\Managed\System.Runtime.Serialization.dll" 913 KB 
[2025-05-11 16:54:08]: Added  : "PunkJuice_Data\Managed\System.Security.dll" 313 KB 
[2025-05-11 16:54:08]: Added  : "PunkJuice_Data\Managed\System.ServiceModel.Internals.dll" 210 KB 
[2025-05-11 16:54:08]: Added  : "PunkJuice_Data\Managed\System.Transactions.dll" 35 KB 
[2025-05-11 16:54:08]: Added  : "PunkJuice_Data\Managed\System.Xml.dll" 3086 KB 
[2025-05-11 16:54:08]: Added  : "PunkJuice_Data\Managed\System.Xml.Linq.dll" 134 KB 
[2025-05-11 16:54:08]: Added  : "PunkJuice_Data\Managed\Unity.2D.Animation.Runtime.dll" 70 KB 
[2025-05-11 16:54:08]: Added  : "PunkJuice_Data\Managed\Unity.2D.Common.Runtime.dll" 44 KB 
[2025-05-11 16:54:08]: Added  : "PunkJuice_Data\Managed\Unity.2D.IK.Runtime.dll" 20 KB 
[2025-05-11 16:54:08]: Added  : "PunkJuice_Data\Managed\Unity.2D.PixelPerfect.dll" 12 KB 
[2025-05-11 16:54:08]: Added  : "PunkJuice_Data\Managed\Unity.2D.SpriteShape.Runtime.dll" 103 KB 
[2025-05-11 16:54:08]: Added  : "PunkJuice_Data\Managed\Unity.2D.Tilemap.Extras.dll" 33 KB 
[2025-05-11 16:54:08]: Added  : "PunkJuice_Data\Managed\Unity.Addressables.dll" 108 KB 
[2025-05-11 16:54:08]: Added  : "PunkJuice_Data\Managed\Unity.AI.Navigation.dll" 20 KB 
[2025-05-11 16:54:08]: Added  : "PunkJuice_Data\Managed\Unity.Burst.dll" 310 KB 
[2025-05-11 16:54:08]: Added  : "PunkJuice_Data\Managed\Unity.Burst.Unsafe.dll" 6 KB 
[2025-05-11 16:54:08]: Added  : "PunkJuice_Data\Managed\Unity.Collections.dll" 356 KB 
[2025-05-11 16:54:08]: Added  : "PunkJuice_Data\Managed\Unity.Collections.LowLevel.ILSupport.dll" 4 KB 
[2025-05-11 16:54:08]: Added  : "PunkJuice_Data\Managed\Unity.InputSystem.dll" 1103 KB 
[2025-05-11 16:54:08]: Added  : "PunkJuice_Data\Managed\Unity.InputSystem.ForUI.dll" 4 KB 
[2025-05-11 16:54:08]: Added  : "PunkJuice_Data\Managed\Unity.InputSystem.RebindingUI.dll" 15 KB 
[2025-05-11 16:54:08]: Added  : "PunkJuice_Data\Managed\Unity.InternalAPIEngineBridge.001.dll" 6 KB 
[2025-05-11 16:54:08]: Added  : "PunkJuice_Data\Managed\Unity.Mathematics.dll" 724 KB 
[2025-05-11 16:54:08]: Added  : "PunkJuice_Data\Managed\Unity.Postprocessing.Runtime.dll" 159 KB 
[2025-05-11 16:54:08]: Added  : "PunkJuice_Data\Managed\Unity.RenderPipeline.Universal.ShaderLibrary.dll" 8 KB 
[2025-05-11 16:54:08]: Added  : "PunkJuice_Data\Managed\Unity.RenderPipelines.Core.Runtime.dll" 520 KB 
[2025-05-11 16:54:08]: Added  : "PunkJuice_Data\Managed\Unity.RenderPipelines.Core.ShaderLibrary.dll" 5 KB 
[2025-05-11 16:54:08]: Added  : "PunkJuice_Data\Managed\Unity.RenderPipelines.ShaderGraph.ShaderGraphLibrary.dll" 5 KB 
[2025-05-11 16:54:08]: Added  : "PunkJuice_Data\Managed\Unity.RenderPipelines.Universal.2D.Internal.dll" 5 KB 
[2025-05-11 16:54:08]: Added  : "PunkJuice_Data\Managed\Unity.RenderPipelines.Universal.Config.Runtime.dll" 6 KB 
[2025-05-11 16:54:08]: Added  : "PunkJuice_Data\Managed\Unity.RenderPipelines.Universal.Runtime.dll" 770 KB 
[2025-05-11 16:54:08]: Added  : "PunkJuice_Data\Managed\Unity.RenderPipelines.Universal.Shaders.dll" 5 KB 
[2025-05-11 16:54:08]: Added  : "PunkJuice_Data\Managed\Unity.ResourceManager.dll" 130 KB 
[2025-05-11 16:54:08]: Added  : "PunkJuice_Data\Managed\Unity.ScriptableBuildPipeline.dll" 9 KB 
[2025-05-11 16:54:08]: Added  : "PunkJuice_Data\Managed\Unity.TextMeshPro.dll" 372 KB 
[2025-05-11 16:54:08]: Added  : "PunkJuice_Data\Managed\Unity.Timeline.dll" 125 KB 
[2025-05-11 16:54:08]: Added  : "PunkJuice_Data\Managed\Unity.VisualScripting.Antlr3.Runtime.dll" 84 KB 
[2025-05-11 16:54:08]: Added  : "PunkJuice_Data\Managed\Unity.VisualScripting.Core.dll" 612 KB 
[2025-05-11 16:54:08]: Added  : "PunkJuice_Data\Managed\Unity.VisualScripting.Flow.dll" 396 KB 
[2025-05-11 16:54:08]: Added  : "PunkJuice_Data\Managed\Unity.VisualScripting.State.dll" 32 KB 
[2025-05-11 16:54:08]: Added  : "PunkJuice_Data\Managed\UnityEngine.AccessibilityModule.dll" 22 KB 
[2025-05-11 16:54:08]: Added  : "PunkJuice_Data\Managed\UnityEngine.AIModule.dll" 56 KB 
[2025-05-11 16:54:08]: Added  : "PunkJuice_Data\Managed\UnityEngine.AndroidJNIModule.dll" 92 KB 
[2025-05-11 16:54:08]: Added  : "PunkJuice_Data\Managed\UnityEngine.AnimationModule.dll" 159 KB 
[2025-05-11 16:54:08]: Added  : "PunkJuice_Data\Managed\UnityEngine.ARModule.dll" 20 KB 
[2025-05-11 16:54:08]: Added  : "PunkJuice_Data\Managed\UnityEngine.AssetBundleModule.dll" 31 KB 
[2025-05-11 16:54:08]: Added  : "PunkJuice_Data\Managed\UnityEngine.AudioModule.dll" 69 KB 
[2025-05-11 16:54:08]: Added  : "PunkJuice_Data\Managed\UnityEngine.ClothModule.dll" 25 KB 
[2025-05-11 16:54:08]: Added  : "PunkJuice_Data\Managed\UnityEngine.ClusterInputModule.dll" 20 KB 
[2025-05-11 16:54:08]: Added  : "PunkJuice_Data\Managed\UnityEngine.ClusterRendererModule.dll" 21 KB 
[2025-05-11 16:54:08]: Added  : "PunkJuice_Data\Managed\UnityEngine.ContentLoadModule.dll" 26 KB 
[2025-05-11 16:54:08]: Added  : "PunkJuice_Data\Managed\UnityEngine.CoreModule.dll" 1360 KB 
[2025-05-11 16:54:08]: Added  : "PunkJuice_Data\Managed\UnityEngine.CrashReportingModule.dll" 20 KB 
[2025-05-11 16:54:08]: Added  : "PunkJuice_Data\Managed\UnityEngine.DirectorModule.dll" 23 KB 
[2025-05-11 16:54:08]: Added  : "PunkJuice_Data\Managed\UnityEngine.dll" 123 KB 
[2025-05-11 16:54:08]: Added  : "PunkJuice_Data\Managed\UnityEngine.DSPGraphModule.dll" 28 KB 
[2025-05-11 16:54:08]: Added  : "PunkJuice_Data\Managed\UnityEngine.GameCenterModule.dll" 38 KB 
[2025-05-11 16:54:08]: Added  : "PunkJuice_Data\Managed\UnityEngine.GIModule.dll" 19 KB 
[2025-05-11 16:54:08]: Added  : "PunkJuice_Data\Managed\UnityEngine.GridModule.dll" 24 KB 
[2025-05-11 16:54:08]: Added  : "PunkJuice_Data\Managed\UnityEngine.HotReloadModule.dll" 19 KB 
[2025-05-11 16:54:08]: Added  : "PunkJuice_Data\Managed\UnityEngine.ImageConversionModule.dll" 23 KB 
[2025-05-11 16:54:08]: Added  : "PunkJuice_Data\Managed\UnityEngine.IMGUIModule.dll" 185 KB 
[2025-05-11 16:54:08]: Added  : "PunkJuice_Data\Managed\UnityEngine.InputLegacyModule.dll" 37 KB 
[2025-05-11 16:54:08]: Added  : "PunkJuice_Data\Managed\UnityEngine.InputModule.dll" 22 KB 
[2025-05-11 16:54:08]: Added  : "PunkJuice_Data\Managed\UnityEngine.JSONSerializeModule.dll" 21 KB 
[2025-05-11 16:54:08]: Added  : "PunkJuice_Data\Managed\UnityEngine.LocalizationModule.dll" 20 KB 
[2025-05-11 16:54:08]: Added  : "PunkJuice_Data\Managed\UnityEngine.NVIDIAModule.dll" 32 KB 
[2025-05-11 16:54:08]: Added  : "PunkJuice_Data\Managed\UnityEngine.ParticleSystemModule.dll" 157 KB 
[2025-05-11 16:54:08]: Added  : "PunkJuice_Data\Managed\UnityEngine.PerformanceReportingModule.dll" 19 KB 
[2025-05-11 16:54:08]: Added  : "PunkJuice_Data\Managed\UnityEngine.Physics2DModule.dll" 137 KB 
[2025-05-11 16:54:08]: Added  : "PunkJuice_Data\Managed\UnityEngine.PhysicsModule.dll" 134 KB 
[2025-05-11 16:54:08]: Added  : "PunkJuice_Data\Managed\UnityEngine.ProfilerModule.dll" 19 KB 
[2025-05-11 16:54:08]: Added  : "PunkJuice_Data\Managed\UnityEngine.PropertiesModule.dll" 151 KB 
[2025-05-11 16:54:08]: Added  : "PunkJuice_Data\Managed\UnityEngine.RuntimeInitializeOnLoadManagerInitializerModule.dll" 19 KB 
[2025-05-11 16:54:08]: Added  : "PunkJuice_Data\Managed\UnityEngine.ScreenCaptureModule.dll" 20 KB 
[2025-05-11 16:54:08]: Added  : "PunkJuice_Data\Managed\UnityEngine.SharedInternalsModule.dll" 31 KB 
[2025-05-11 16:54:08]: Added  : "PunkJuice_Data\Managed\UnityEngine.SpriteMaskModule.dll" 21 KB 
[2025-05-11 16:54:08]: Added  : "PunkJuice_Data\Managed\UnityEngine.SpriteShapeModule.dll" 25 KB 
[2025-05-11 16:54:08]: Added  : "PunkJuice_Data\Managed\UnityEngine.StreamingModule.dll" 19 KB 
[2025-05-11 16:54:08]: Added  : "PunkJuice_Data\Managed\UnityEngine.SubstanceModule.dll" 23 KB 
[2025-05-11 16:54:08]: Added  : "PunkJuice_Data\Managed\UnityEngine.SubsystemsModule.dll" 33 KB 
[2025-05-11 16:54:08]: Added  : "PunkJuice_Data\Managed\UnityEngine.TerrainModule.dll" 98 KB 
[2025-05-11 16:54:08]: Added  : "PunkJuice_Data\Managed\UnityEngine.TerrainPhysicsModule.dll" 20 KB 
[2025-05-11 16:54:08]: Added  : "PunkJuice_Data\Managed\UnityEngine.TextCoreFontEngineModule.dll" 70 KB 
[2025-05-11 16:54:08]: Added  : "PunkJuice_Data\Managed\UnityEngine.TextCoreTextEngineModule.dll" 242 KB 
[2025-05-11 16:54:08]: Added  : "PunkJuice_Data\Managed\UnityEngine.TextRenderingModule.dll" 37 KB 
[2025-05-11 16:54:08]: Added  : "PunkJuice_Data\Managed\UnityEngine.TilemapModule.dll" 45 KB 
[2025-05-11 16:54:08]: Added  : "PunkJuice_Data\Managed\UnityEngine.TLSModule.dll" 25 KB 
[2025-05-11 16:54:08]: Added  : "PunkJuice_Data\Managed\UnityEngine.UI.dll" 259 KB 
[2025-05-11 16:54:08]: Added  : "PunkJuice_Data\Managed\UnityEngine.UIElementsModule.dll" 1499 KB 
[2025-05-11 16:54:08]: Added  : "PunkJuice_Data\Managed\UnityEngine.UIModule.dll" 35 KB 
[2025-05-11 16:54:08]: Added  : "PunkJuice_Data\Managed\UnityEngine.UmbraModule.dll" 19 KB 
[2025-05-11 16:54:08]: Added  : "PunkJuice_Data\Managed\UnityEngine.UnityAnalyticsCommonModule.dll" 20 KB 
[2025-05-11 16:54:08]: Added  : "PunkJuice_Data\Managed\UnityEngine.UnityAnalyticsModule.dll" 43 KB 
[2025-05-11 16:54:08]: Added  : "PunkJuice_Data\Managed\UnityEngine.UnityConnectModule.dll" 21 KB 
[2025-05-11 16:54:08]: Added  : "PunkJuice_Data\Managed\UnityEngine.UnityCurlModule.dll" 20 KB 
[2025-05-11 16:54:08]: Added  : "PunkJuice_Data\Managed\UnityEngine.UnityTestProtocolModule.dll" 19 KB 
[2025-05-11 16:54:08]: Added  : "PunkJuice_Data\Managed\UnityEngine.UnityWebRequestAssetBundleModule.dll" 22 KB 
[2025-05-11 16:54:08]: Added  : "PunkJuice_Data\Managed\UnityEngine.UnityWebRequestAudioModule.dll" 21 KB 
[2025-05-11 16:54:08]: Added  : "PunkJuice_Data\Managed\UnityEngine.UnityWebRequestModule.dll" 56 KB 
[2025-05-11 16:54:08]: Added  : "PunkJuice_Data\Managed\UnityEngine.UnityWebRequestTextureModule.dll" 20 KB 
[2025-05-11 16:54:08]: Added  : "PunkJuice_Data\Managed\UnityEngine.UnityWebRequestWWWModule.dll" 30 KB 
[2025-05-11 16:54:08]: Added  : "PunkJuice_Data\Managed\UnityEngine.VehiclesModule.dll" 23 KB 
[2025-05-11 16:54:08]: Added  : "PunkJuice_Data\Managed\UnityEngine.VFXModule.dll" 56 KB 
[2025-05-11 16:54:08]: Added  : "PunkJuice_Data\Managed\UnityEngine.VideoModule.dll" 39 KB 
[2025-05-11 16:54:08]: Added  : "PunkJuice_Data\Managed\UnityEngine.VirtualTexturingModule.dll" 34 KB 
[2025-05-11 16:54:08]: Added  : "PunkJuice_Data\Managed\UnityEngine.VRModule.dll" 25 KB 
[2025-05-11 16:54:08]: Added  : "PunkJuice_Data\Managed\UnityEngine.WindModule.dll" 20 KB 
[2025-05-11 16:54:08]: Added  : "PunkJuice_Data\Managed\UnityEngine.XRModule.dll" 68 KB 
[2025-05-11 16:54:08]: Added  : "PunkJuice_Data\Plugins" 0 KB ,Flags: 64
[2025-05-11 16:54:08]: Added  : "PunkJuice_Data\Plugins\x86_64" 0 KB ,Flags: 64
[2025-05-11 16:54:08]: Added  : "PunkJuice_Data\Plugins\x86_64\lib_burst_generated.dll" 265 KB 
[2025-05-11 16:54:08]: Added  : "PunkJuice_Data\Plugins\x86_64\Rewired_DirectInput.dll" 105 KB 
[2025-05-11 16:54:08]: Added  : "PunkJuice_Data\Plugins\x86_64\Rewired_WindowsGamingInput.dll" 150 KB 
[2025-05-11 16:54:08]: Added  : "PunkJuice_Data\Plugins\x86_64\steam_api64.dll" 257 KB 
[2025-05-11 16:54:08]: Added  : "PunkJuice_Data\Resources" 0 KB ,Flags: 64
[2025-05-11 16:54:08]: Added  : "PunkJuice_Data\resources.assets" 483 KB 
[2025-05-11 16:54:08]: Added  : "PunkJuice_Data\resources.assets.resS" 348 KB 
[2025-05-11 16:54:08]: Added  : "PunkJuice_Data\resources.resource" 398 KB 
[2025-05-11 16:54:08]: Added  : "PunkJuice_Data\Resources\unity default resources" 1528 KB 
[2025-05-11 16:54:08]: Added  : "PunkJuice_Data\Resources\unity_builtin_extra" 373 KB 
[2025-05-11 16:54:08]: Added  : "PunkJuice_Data\RuntimeInitializeOnLoads.json" 3 KB 
[2025-05-11 16:54:08]: Added  : "PunkJuice_Data\ScriptingAssemblies.json" 5 KB 
[2025-05-11 16:54:08]: Added  : "PunkJuice_Data\sharedassets0.assets" 18651 KB 
[2025-05-11 16:54:08]: Added  : "PunkJuice_Data\sharedassets0.assets.resS" 490570 KB 
[2025-05-11 16:54:08]: Added  : "PunkJuice_Data\sharedassets0.resource" 97691 KB 
[2025-05-11 16:54:08]: Added  : "PunkJuice_Data\sharedassets1.assets" 8508 KB 
[2025-05-11 16:54:08]: Added  : "PunkJuice_Data\sharedassets1.assets.resS" 177908 KB 
[2025-05-11 16:54:08]: Added  : "PunkJuice_Data\sharedassets1.resource" 26574 KB 
[2025-05-11 16:54:08]: Added  : "PunkJuice_Data\sharedassets10.assets" 684 KB 
[2025-05-11 16:54:08]: Added  : "PunkJuice_Data\sharedassets10.assets.resS" 314161 KB 
[2025-05-11 16:54:08]: Added  : "PunkJuice_Data\sharedassets10.resource" 1314 KB 
[2025-05-11 16:54:08]: Added  : "PunkJuice_Data\sharedassets11.assets" 52 KB 
[2025-05-11 16:54:08]: Added  : "PunkJuice_Data\sharedassets11.assets.resS" 30182 KB 
[2025-05-11 16:54:08]: Added  : "PunkJuice_Data\sharedassets12.assets" 91 KB 
[2025-05-11 16:54:08]: Added  : "PunkJuice_Data\sharedassets12.assets.resS" 26341 KB 
[2025-05-11 16:54:08]: Added  : "PunkJuice_Data\sharedassets13.assets" 10 KB 
[2025-05-11 16:54:08]: Added  : "PunkJuice_Data\sharedassets14.assets" 89 KB 
[2025-05-11 16:54:08]: Added  : "PunkJuice_Data\sharedassets14.assets.resS" 35744 KB 
[2025-05-11 16:54:08]: Added  : "PunkJuice_Data\sharedassets15.assets" 287 KB 
[2025-05-11 16:54:08]: Added  : "PunkJuice_Data\sharedassets15.assets.resS" 91664 KB 
[2025-05-11 16:54:08]: Added  : "PunkJuice_Data\sharedassets15.resource" 761 KB 
[2025-05-11 16:54:08]: Added  : "PunkJuice_Data\sharedassets16.assets" 814 KB 
[2025-05-11 16:54:08]: Added  : "PunkJuice_Data\sharedassets16.assets.resS" 67318 KB 
[2025-05-11 16:54:08]: Added  : "PunkJuice_Data\sharedassets16.resource" 513 KB 
[2025-05-11 16:54:08]: Added  : "PunkJuice_Data\sharedassets17.assets" 590 KB 
[2025-05-11 16:54:08]: Added  : "PunkJuice_Data\sharedassets17.assets.resS" 121779 KB 
[2025-05-11 16:54:08]: Added  : "PunkJuice_Data\sharedassets18.assets" 14 KB 
[2025-05-11 16:54:08]: Added  : "PunkJuice_Data\sharedassets18.assets.resS" 2141 KB 
[2025-05-11 16:54:08]: Added  : "PunkJuice_Data\sharedassets19.assets" 53 KB 
[2025-05-11 16:54:08]: Added  : "PunkJuice_Data\sharedassets19.assets.resS" 6728 KB 
[2025-05-11 16:54:08]: Added  : "PunkJuice_Data\sharedassets2.assets" 175 KB 
[2025-05-11 16:54:08]: Added  : "PunkJuice_Data\sharedassets2.assets.resS" 30292 KB 
[2025-05-11 16:54:08]: Added  : "PunkJuice_Data\sharedassets20.assets" 91 KB 
[2025-05-11 16:54:08]: Added  : "PunkJuice_Data\sharedassets20.assets.resS" 14440 KB 
[2025-05-11 16:54:08]: Added  : "PunkJuice_Data\sharedassets21.assets" 23 KB 
[2025-05-11 16:54:08]: Added  : "PunkJuice_Data\sharedassets21.assets.resS" 3866 KB 
[2025-05-11 16:54:08]: Added  : "PunkJuice_Data\sharedassets22.assets" 29 KB 
[2025-05-11 16:54:08]: Added  : "PunkJuice_Data\sharedassets23.assets" 1 KB 
[2025-05-11 16:54:08]: Added  : "PunkJuice_Data\sharedassets24.assets" 70 KB 
[2025-05-11 16:54:08]: Added  : "PunkJuice_Data\sharedassets24.assets.resS" 8100 KB 
[2025-05-11 16:54:08]: Added  : "PunkJuice_Data\sharedassets25.assets" 33 KB 
[2025-05-11 16:54:08]: Added  : "PunkJuice_Data\sharedassets3.assets" 9 KB 
[2025-05-11 16:54:08]: Added  : "PunkJuice_Data\sharedassets3.assets.resS" 318 KB 
[2025-05-11 16:54:08]: Added  : "PunkJuice_Data\sharedassets4.assets" 358 KB 
[2025-05-11 16:54:08]: Added  : "PunkJuice_Data\sharedassets4.assets.resS" 102727 KB 
[2025-05-11 16:54:08]: Added  : "PunkJuice_Data\sharedassets4.resource" 5714 KB 
[2025-05-11 16:54:08]: Added  : "PunkJuice_Data\sharedassets5.assets" 113 KB 
[2025-05-11 16:54:08]: Added  : "PunkJuice_Data\sharedassets5.assets.resS" 32365 KB 
[2025-05-11 16:54:08]: Added  : "PunkJuice_Data\sharedassets6.assets" 86 KB 
[2025-05-11 16:54:08]: Added  : "PunkJuice_Data\sharedassets6.assets.resS" 26782 KB 
[2025-05-11 16:54:08]: Added  : "PunkJuice_Data\sharedassets7.assets" 29 KB 
[2025-05-11 16:54:08]: Added  : "PunkJuice_Data\sharedassets8.assets" 88 KB 
[2025-05-11 16:54:08]: Added  : "PunkJuice_Data\sharedassets8.assets.resS" 42539 KB 
[2025-05-11 16:54:08]: Added  : "PunkJuice_Data\sharedassets9.assets" 117 KB 
[2025-05-11 16:54:08]: Added  : "PunkJuice_Data\sharedassets9.assets.resS" 59354 KB 
[2025-05-11 16:54:08]: Added  : "PunkJuice_Data\sharedassets9.resource" 5268 KB 
[2025-05-11 16:54:08]: Added  : "PunkJuice_Data\StreamingAssets" 0 KB ,Flags: 64
[2025-05-11 16:54:08]: Added  : "PunkJuice_Data\StreamingAssets\aa" 0 KB ,Flags: 64
[2025-05-11 16:54:08]: Added  : "PunkJuice_Data\StreamingAssets\aa\AddressablesLink" 0 KB ,Flags: 64
[2025-05-11 16:54:08]: Added  : "PunkJuice_Data\StreamingAssets\aa\AddressablesLink\link.xml" 15 KB 
[2025-05-11 16:54:08]: Added  : "PunkJuice_Data\StreamingAssets\aa\catalog.json" 33 KB 
[2025-05-11 16:54:08]: Added  : "PunkJuice_Data\StreamingAssets\aa\settings.json" 2 KB 
[2025-05-11 16:54:08]: Added  : "PunkJuice_Data\StreamingAssets\aa\StandaloneWindows64" 0 KB ,Flags: 64
[2025-05-11 16:54:08]: Added  : "PunkJuice_Data\StreamingAssets\aa\StandaloneWindows64\b8665137174255b8233c38b4cb274954_unitybuiltinshaders_546765275c0faaa34bcaf17b70ee3c08.bundle" 19 KB 
[2025-05-11 16:54:08]: Added  : "PunkJuice_Data\StreamingAssets\aa\StandaloneWindows64\defaultlocalgroup_assets_all_332a143d92cabf3c7ad5a234f2384a28.bundle" 24436 KB 
[2025-05-11 16:54:08]: Added  : "UnityCrashHandler64.exe" 1156 KB 
[2025-05-11 16:54:08]: Added  : "UnityPlayer.dll" 30373 KB 
[2025-05-11 16:54:08]: Summary: 284 files added (1.88 GB), 0 files changed (0 bytes), 0 files removed (0 bytes)
[2025-05-11 16:54:08]: Uploading new manifest to 192.69.99.15:80 (handle 4870288921912862232, 98718 bytes).
[2025-05-11 16:54:09]: Success! New manifestID 4668436443221810535 created and 0 new chunks uploaded.
